<?xml version="1.0" encoding="UTF-8" ?>
<testsuite tests="13" failures="0" name="rest.UserTest" time="2.387" errors="0" skipped="0">
  <properties>
[...]
</properties>
  <testcase classname="rest.UserTest" name="testEditUser" time="0.25"/>
  <testcase classname="rest.UserTest" name="testDeleteOtherUser" time="0.29"/>
  <testcase classname="rest.UserTest" name="testCreateUserWithSameEmailFail" time="0.187"/>
  <testcase classname="rest.UserTest" name="testCreateUserWithSameLoginFail" time="0.16"/>
  <testcase classname="rest.UserTest" name="testEditUserWithUnauthorizedUser" time="0.148"/>
  <testcase classname="rest.UserTest" name="testCreateUser" time="0.193"/>
  <testcase classname="rest.UserTest" name="testDeleteUser" time="0.205"/>
  <testcase classname="rest.UserTest" name="testGetUserByID" time="0.118"/>
  <testcase classname="rest.UserTest" name="testEditOtherUser" time="0.184"/>
  <testcase classname="rest.UserTest" name="testDeleteWithUnauthorizedUser" time="0.237"/>
  <testcase classname="rest.UserTest" name="testGetUserByIdFail" time="0.171"/>
  <testcase classname="rest.UserTest" name="testGetUserByIncorrectId" time="0.144"/>
  <testcase classname="rest.UserTest" name="testCreateNullUser" time="0.1"/>
</testsuite>