<?xml version="1.0" encoding="UTF-8" ?>
<testsuite tests="17" failures="0" name="account.AccountServiceTest" time="6.588" errors="0" skipped="0">
  <properties>
[...]
</properties>
  <testcase classname="account.AccountServiceTest" name="testGetUserByEmail" time="4.798"/>
  <testcase classname="account.AccountServiceTest" name="testGetUserByLogin" time="0.213"/>
  <testcase classname="account.AccountServiceTest" name="testAddUser" time="0.094"/>
  <testcase classname="account.AccountServiceTest" name="testCheckAuthFailLogin" time="0.083"/>
  <testcase classname="account.AccountServiceTest" name="testEditPasswordUser" time="0.136"/>
  <testcase classname="account.AccountServiceTest" name="testAddSession" time="0.084"/>
  <testcase classname="account.AccountServiceTest" name="testGetAllUsers" time="0.134"/>
  <testcase classname="account.AccountServiceTest" name="testDeleteSession" time="0.08"/>
  <testcase classname="account.AccountServiceTest" name="testCheckAuthFailPassword" time="0.127"/>
  <testcase classname="account.AccountServiceTest" name="testDeleteSessionUncorrectArg" time="0.076"/>
  <testcase classname="account.AccountServiceTest" name="testDeleteUser" time="0.206"/>
  <testcase classname="account.AccountServiceTest" name="testCheckAuth" time="0.091"/>
  <testcase classname="account.AccountServiceTest" name="testGetUserByID" time="0.07"/>
  <testcase classname="account.AccountServiceTest" name="testEditEmailUser" time="0.096"/>
  <testcase classname="account.AccountServiceTest" name="testAddUserWithSameEmailFail" time="0.104"/>
  <testcase classname="account.AccountServiceTest" name="testEditLoginUser" time="0.097"/>
  <testcase classname="account.AccountServiceTest" name="testAddUserWithSameLoginFail" time="0.099"/>
</testsuite>