<?xml version="1.0" encoding="UTF-8" ?>
<testsuite tests="13" failures="1" name="rest.UsersTest" time="1.988" errors="7" skipped="0">
  <properties>
[...]
</properties>
  <testcase classname="rest.UsersTest" name="testEditUser" time="0.2">
    <error message="HTTP 403 Forbidden" type="javax.ws.rs.ForbiddenException">javax.ws.rs.ForbiddenException: HTTP 403 Forbidden
	at org.glassfish.jersey.client.JerseyInvocation.convertToException(JerseyInvocation.java:1005)
	at org.glassfish.jersey.client.JerseyInvocation.translate(JerseyInvocation.java:816)
	at org.glassfish.jersey.client.JerseyInvocation.access$700(JerseyInvocation.java:92)
	at org.glassfish.jersey.client.JerseyInvocation$2.call(JerseyInvocation.java:700)
	at org.glassfish.jersey.internal.Errors.process(Errors.java:315)
	at org.glassfish.jersey.internal.Errors.process(Errors.java:297)
	at org.glassfish.jersey.internal.Errors.process(Errors.java:228)
	at org.glassfish.jersey.process.internal.RequestScope.runInScope(RequestScope.java:444)
	at org.glassfish.jersey.client.JerseyInvocation.invoke(JerseyInvocation.java:696)
	at org.glassfish.jersey.client.JerseyInvocation$Builder.method(JerseyInvocation.java:448)
	at org.glassfish.jersey.client.JerseyInvocation$Builder.put(JerseyInvocation.java:332)
	at rest.UsersTest.testEditUser(UsersTest.java:120)
	at sun.reflect.NativeMethodAccessorImpl.invoke0(Native Method)
	at sun.reflect.NativeMethodAccessorImpl.invoke(NativeMethodAccessorImpl.java:62)
	at sun.reflect.DelegatingMethodAccessorImpl.invoke(DelegatingMethodAccessorImpl.java:43)
	at java.lang.reflect.Method.invoke(Method.java:497)
	at org.junit.runners.model.FrameworkMethod$1.runReflectiveCall(FrameworkMethod.java:50)
	at org.junit.internal.runners.model.ReflectiveCallable.run(ReflectiveCallable.java:12)
	at org.junit.runners.model.FrameworkMethod.invokeExplosively(FrameworkMethod.java:47)
	at org.junit.internal.runners.statements.InvokeMethod.evaluate(InvokeMethod.java:17)
	at org.junit.internal.runners.statements.RunBefores.evaluate(RunBefores.java:26)
	at org.junit.internal.runners.statements.RunAfters.evaluate(RunAfters.java:27)
	at org.junit.runners.ParentRunner.runLeaf(ParentRunner.java:325)
	at org.junit.runners.BlockJUnit4ClassRunner.runChild(BlockJUnit4ClassRunner.java:78)
	at org.junit.runners.BlockJUnit4ClassRunner.runChild(BlockJUnit4ClassRunner.java:57)
	at org.junit.runners.ParentRunner$3.run(ParentRunner.java:290)
	at org.junit.runners.ParentRunner$1.schedule(ParentRunner.java:71)
	at org.junit.runners.ParentRunner.runChildren(ParentRunner.java:288)
	at org.junit.runners.ParentRunner.access$000(ParentRunner.java:58)
	at org.junit.runners.ParentRunner$2.evaluate(ParentRunner.java:268)
	at org.junit.runners.ParentRunner.run(ParentRunner.java:363)
	at org.apache.maven.surefire.junit4.JUnit4Provider.execute(JUnit4Provider.java:252)
	at org.apache.maven.surefire.junit4.JUnit4Provider.executeTestSet(JUnit4Provider.java:141)
	at org.apache.maven.surefire.junit4.JUnit4Provider.invoke(JUnit4Provider.java:112)
	at sun.reflect.NativeMethodAccessorImpl.invoke0(Native Method)
	at sun.reflect.NativeMethodAccessorImpl.invoke(NativeMethodAccessorImpl.java:62)
	at sun.reflect.DelegatingMethodAccessorImpl.invoke(DelegatingMethodAccessorImpl.java:43)
	at java.lang.reflect.Method.invoke(Method.java:497)
	at org.apache.maven.surefire.util.ReflectionUtils.invokeMethodWithArray(ReflectionUtils.java:189)
	at org.apache.maven.surefire.booter.ProviderFactory$ProviderProxy.invoke(ProviderFactory.java:165)
	at org.apache.maven.surefire.booter.ProviderFactory.invokeProvider(ProviderFactory.java:85)
	at org.apache.maven.surefire.booter.ForkedBooter.runSuitesInProcess(ForkedBooter.java:115)
	at org.apache.maven.surefire.booter.ForkedBooter.main(ForkedBooter.java:75)
</error>
    <system-out>Hibernate: select this_.id as id1_0_0_, this_.email as email2_0_0_, this_.login as login3_0_0_, this_.password as password4_0_0_, this_.score as score5_0_0_ from users this_ where this_.login=?
account.AccountServiceImpl: addUser: Пользователь НЕ добавлен
</system-out>
    <system-err>апр 15, 2016 10:05:30 PM org.hibernate.engine.jdbc.connections.internal.DriverManagerConnectionProviderImpl configure
WARN: HHH000402: Using Hibernate built-in connection pool (not for production use!)
апр 15, 2016 10:05:30 PM org.hibernate.engine.jdbc.connections.internal.DriverManagerConnectionProviderImpl buildCreator
INFO: HHH000401: using driver [com.mysql.jdbc.Driver] at URL [jdbc:mysql://localhost:3306/db_Poliglot]
апр 15, 2016 10:05:30 PM org.hibernate.engine.jdbc.connections.internal.DriverManagerConnectionProviderImpl buildCreator
INFO: HHH000046: Connection properties: {user=poliglot_game, password=****}
апр 15, 2016 10:05:30 PM org.hibernate.engine.jdbc.connections.internal.DriverManagerConnectionProviderImpl buildCreator
INFO: HHH000006: Autocommit mode: false
апр 15, 2016 10:05:30 PM org.hibernate.engine.jdbc.connections.internal.PooledConnections &lt;init&gt;
INFO: HHH000115: Hibernate connection pool size: 20 (min=1)
апр 15, 2016 10:05:30 PM org.hibernate.dialect.Dialect &lt;init&gt;
INFO: HHH000400: Using dialect: org.hibernate.dialect.MySQLDialect
апр 15, 2016 10:05:30 PM org.hibernate.tool.hbm2ddl.SchemaUpdate execute
INFO: HHH000228: Running hbm2ddl schema update
апр 15, 2016 10:05:31 PM org.glassfish.jersey.test.grizzly.GrizzlyTestContainerFactory$GrizzlyTestContainer &lt;init&gt;
INFO: Creating GrizzlyTestContainer configured at the base URI http://localhost:9998/
апр 15, 2016 10:05:31 PM org.glassfish.grizzly.http.server.NetworkListener start
INFO: Started listener bound to [localhost:9998]
апр 15, 2016 10:05:31 PM org.glassfish.grizzly.http.server.HttpServer start
INFO: [HttpServer-6] Started.
апр 15, 2016 10:05:31 PM org.hibernate.engine.jdbc.connections.internal.DriverManagerConnectionProviderImpl configure
WARN: HHH000402: Using Hibernate built-in connection pool (not for production use!)
апр 15, 2016 10:05:31 PM org.hibernate.engine.jdbc.connections.internal.DriverManagerConnectionProviderImpl buildCreator
INFO: HHH000401: using driver [com.mysql.jdbc.Driver] at URL [jdbc:mysql://localhost:3306/db_Poliglot]
апр 15, 2016 10:05:31 PM org.hibernate.engine.jdbc.connections.internal.DriverManagerConnectionProviderImpl buildCreator
INFO: HHH000046: Connection properties: {user=poliglot_game, password=****}
апр 15, 2016 10:05:31 PM org.hibernate.engine.jdbc.connections.internal.DriverManagerConnectionProviderImpl buildCreator
INFO: HHH000006: Autocommit mode: false
апр 15, 2016 10:05:31 PM org.hibernate.engine.jdbc.connections.internal.PooledConnections &lt;init&gt;
INFO: HHH000115: Hibernate connection pool size: 20 (min=1)
апр 15, 2016 10:05:31 PM org.hibernate.dialect.Dialect &lt;init&gt;
INFO: HHH000400: Using dialect: org.hibernate.dialect.MySQLDialect
апр 15, 2016 10:05:31 PM org.hibernate.tool.hbm2ddl.SchemaUpdate execute
INFO: HHH000228: Running hbm2ddl schema update
апр 15, 2016 10:05:31 PM org.glassfish.grizzly.http.server.NetworkListener shutdownNow
INFO: Stopped listener bound to [localhost:9998]
</system-err>
  </testcase>
  <testcase classname="rest.UsersTest" name="testDeleteOtherUser" time="0.199">
    <error message="HTTP 403 Forbidden" type="javax.ws.rs.ForbiddenException">javax.ws.rs.ForbiddenException: HTTP 403 Forbidden
	at org.glassfish.jersey.client.JerseyInvocation.convertToException(JerseyInvocation.java:1005)
	at org.glassfish.jersey.client.JerseyInvocation.translate(JerseyInvocation.java:816)
	at org.glassfish.jersey.client.JerseyInvocation.access$700(JerseyInvocation.java:92)
	at org.glassfish.jersey.client.JerseyInvocation$2.call(JerseyInvocation.java:700)
	at org.glassfish.jersey.internal.Errors.process(Errors.java:315)
	at org.glassfish.jersey.internal.Errors.process(Errors.java:297)
	at org.glassfish.jersey.internal.Errors.process(Errors.java:228)
	at org.glassfish.jersey.process.internal.RequestScope.runInScope(RequestScope.java:444)
	at org.glassfish.jersey.client.JerseyInvocation.invoke(JerseyInvocation.java:696)
	at org.glassfish.jersey.client.JerseyInvocation$Builder.method(JerseyInvocation.java:448)
	at org.glassfish.jersey.client.JerseyInvocation$Builder.put(JerseyInvocation.java:332)
	at rest.UsersTest.testDeleteOtherUser(UsersTest.java:188)
	at sun.reflect.NativeMethodAccessorImpl.invoke0(Native Method)
	at sun.reflect.NativeMethodAccessorImpl.invoke(NativeMethodAccessorImpl.java:62)
	at sun.reflect.DelegatingMethodAccessorImpl.invoke(DelegatingMethodAccessorImpl.java:43)
	at java.lang.reflect.Method.invoke(Method.java:497)
	at org.junit.runners.model.FrameworkMethod$1.runReflectiveCall(FrameworkMethod.java:50)
	at org.junit.internal.runners.model.ReflectiveCallable.run(ReflectiveCallable.java:12)
	at org.junit.runners.model.FrameworkMethod.invokeExplosively(FrameworkMethod.java:47)
	at org.junit.internal.runners.statements.InvokeMethod.evaluate(InvokeMethod.java:17)
	at org.junit.internal.runners.statements.RunBefores.evaluate(RunBefores.java:26)
	at org.junit.internal.runners.statements.RunAfters.evaluate(RunAfters.java:27)
	at org.junit.runners.ParentRunner.runLeaf(ParentRunner.java:325)
	at org.junit.runners.BlockJUnit4ClassRunner.runChild(BlockJUnit4ClassRunner.java:78)
	at org.junit.runners.BlockJUnit4ClassRunner.runChild(BlockJUnit4ClassRunner.java:57)
	at org.junit.runners.ParentRunner$3.run(ParentRunner.java:290)
	at org.junit.runners.ParentRunner$1.schedule(ParentRunner.java:71)
	at org.junit.runners.ParentRunner.runChildren(ParentRunner.java:288)
	at org.junit.runners.ParentRunner.access$000(ParentRunner.java:58)
	at org.junit.runners.ParentRunner$2.evaluate(ParentRunner.java:268)
	at org.junit.runners.ParentRunner.run(ParentRunner.java:363)
	at org.apache.maven.surefire.junit4.JUnit4Provider.execute(JUnit4Provider.java:252)
	at org.apache.maven.surefire.junit4.JUnit4Provider.executeTestSet(JUnit4Provider.java:141)
	at org.apache.maven.surefire.junit4.JUnit4Provider.invoke(JUnit4Provider.java:112)
	at sun.reflect.NativeMethodAccessorImpl.invoke0(Native Method)
	at sun.reflect.NativeMethodAccessorImpl.invoke(NativeMethodAccessorImpl.java:62)
	at sun.reflect.DelegatingMethodAccessorImpl.invoke(DelegatingMethodAccessorImpl.java:43)
	at java.lang.reflect.Method.invoke(Method.java:497)
	at org.apache.maven.surefire.util.ReflectionUtils.invokeMethodWithArray(ReflectionUtils.java:189)
	at org.apache.maven.surefire.booter.ProviderFactory$ProviderProxy.invoke(ProviderFactory.java:165)
	at org.apache.maven.surefire.booter.ProviderFactory.invokeProvider(ProviderFactory.java:85)
	at org.apache.maven.surefire.booter.ForkedBooter.runSuitesInProcess(ForkedBooter.java:115)
	at org.apache.maven.surefire.booter.ForkedBooter.main(ForkedBooter.java:75)
</error>
    <system-out>Hibernate: select this_.id as id1_0_0_, this_.email as email2_0_0_, this_.login as login3_0_0_, this_.password as password4_0_0_, this_.score as score5_0_0_ from users this_ where this_.login=?
account.AccountServiceImpl: addUser: Пользователь НЕ добавлен
</system-out>
    <system-err>апр 15, 2016 10:05:31 PM org.hibernate.engine.jdbc.connections.internal.DriverManagerConnectionProviderImpl configure
WARN: HHH000402: Using Hibernate built-in connection pool (not for production use!)
апр 15, 2016 10:05:31 PM org.hibernate.engine.jdbc.connections.internal.DriverManagerConnectionProviderImpl buildCreator
INFO: HHH000401: using driver [com.mysql.jdbc.Driver] at URL [jdbc:mysql://localhost:3306/db_Poliglot]
апр 15, 2016 10:05:31 PM org.hibernate.engine.jdbc.connections.internal.DriverManagerConnectionProviderImpl buildCreator
INFO: HHH000046: Connection properties: {user=poliglot_game, password=****}
апр 15, 2016 10:05:31 PM org.hibernate.engine.jdbc.connections.internal.DriverManagerConnectionProviderImpl buildCreator
INFO: HHH000006: Autocommit mode: false
апр 15, 2016 10:05:31 PM org.hibernate.engine.jdbc.connections.internal.PooledConnections &lt;init&gt;
INFO: HHH000115: Hibernate connection pool size: 20 (min=1)
апр 15, 2016 10:05:31 PM org.hibernate.dialect.Dialect &lt;init&gt;
INFO: HHH000400: Using dialect: org.hibernate.dialect.MySQLDialect
апр 15, 2016 10:05:31 PM org.hibernate.tool.hbm2ddl.SchemaUpdate execute
INFO: HHH000228: Running hbm2ddl schema update
апр 15, 2016 10:05:31 PM org.glassfish.jersey.test.grizzly.GrizzlyTestContainerFactory$GrizzlyTestContainer &lt;init&gt;
INFO: Creating GrizzlyTestContainer configured at the base URI http://localhost:9998/
апр 15, 2016 10:05:31 PM org.glassfish.grizzly.http.server.NetworkListener start
INFO: Started listener bound to [localhost:9998]
апр 15, 2016 10:05:31 PM org.glassfish.grizzly.http.server.HttpServer start
INFO: [HttpServer-7] Started.
апр 15, 2016 10:05:31 PM org.hibernate.engine.jdbc.connections.internal.DriverManagerConnectionProviderImpl configure
WARN: HHH000402: Using Hibernate built-in connection pool (not for production use!)
апр 15, 2016 10:05:31 PM org.hibernate.engine.jdbc.connections.internal.DriverManagerConnectionProviderImpl buildCreator
INFO: HHH000401: using driver [com.mysql.jdbc.Driver] at URL [jdbc:mysql://localhost:3306/db_Poliglot]
апр 15, 2016 10:05:31 PM org.hibernate.engine.jdbc.connections.internal.DriverManagerConnectionProviderImpl buildCreator
INFO: HHH000046: Connection properties: {user=poliglot_game, password=****}
апр 15, 2016 10:05:31 PM org.hibernate.engine.jdbc.connections.internal.DriverManagerConnectionProviderImpl buildCreator
INFO: HHH000006: Autocommit mode: false
апр 15, 2016 10:05:31 PM org.hibernate.engine.jdbc.connections.internal.PooledConnections &lt;init&gt;
INFO: HHH000115: Hibernate connection pool size: 20 (min=1)
апр 15, 2016 10:05:31 PM org.hibernate.dialect.Dialect &lt;init&gt;
INFO: HHH000400: Using dialect: org.hibernate.dialect.MySQLDialect
апр 15, 2016 10:05:31 PM org.hibernate.tool.hbm2ddl.SchemaUpdate execute
INFO: HHH000228: Running hbm2ddl schema update
апр 15, 2016 10:05:31 PM org.glassfish.grizzly.http.server.NetworkListener shutdownNow
INFO: Stopped listener bound to [localhost:9998]
</system-err>
  </testcase>
  <testcase classname="rest.UsersTest" name="testCreateUserWithSameEmailFail" time="0.137"/>
  <testcase classname="rest.UsersTest" name="testCreateUserWithSameLoginFail" time="0.164"/>
  <testcase classname="rest.UsersTest" name="testEditUserWithUnauthorizedUser" time="0.126">
    <error message="HTTP 403 Forbidden" type="javax.ws.rs.ForbiddenException">javax.ws.rs.ForbiddenException: HTTP 403 Forbidden
	at org.glassfish.jersey.client.JerseyInvocation.convertToException(JerseyInvocation.java:1005)
	at org.glassfish.jersey.client.JerseyInvocation.translate(JerseyInvocation.java:816)
	at org.glassfish.jersey.client.JerseyInvocation.access$700(JerseyInvocation.java:92)
	at org.glassfish.jersey.client.JerseyInvocation$2.call(JerseyInvocation.java:700)
	at org.glassfish.jersey.internal.Errors.process(Errors.java:315)
	at org.glassfish.jersey.internal.Errors.process(Errors.java:297)
	at org.glassfish.jersey.internal.Errors.process(Errors.java:228)
	at org.glassfish.jersey.process.internal.RequestScope.runInScope(RequestScope.java:444)
	at org.glassfish.jersey.client.JerseyInvocation.invoke(JerseyInvocation.java:696)
	at org.glassfish.jersey.client.JerseyInvocation$Builder.method(JerseyInvocation.java:448)
	at org.glassfish.jersey.client.JerseyInvocation$Builder.put(JerseyInvocation.java:332)
	at rest.UsersTest.testEditUserWithUnauthorizedUser(UsersTest.java:139)
	at sun.reflect.NativeMethodAccessorImpl.invoke0(Native Method)
	at sun.reflect.NativeMethodAccessorImpl.invoke(NativeMethodAccessorImpl.java:62)
	at sun.reflect.DelegatingMethodAccessorImpl.invoke(DelegatingMethodAccessorImpl.java:43)
	at java.lang.reflect.Method.invoke(Method.java:497)
	at org.junit.runners.model.FrameworkMethod$1.runReflectiveCall(FrameworkMethod.java:50)
	at org.junit.internal.runners.model.ReflectiveCallable.run(ReflectiveCallable.java:12)
	at org.junit.runners.model.FrameworkMethod.invokeExplosively(FrameworkMethod.java:47)
	at org.junit.internal.runners.statements.InvokeMethod.evaluate(InvokeMethod.java:17)
	at org.junit.internal.runners.statements.RunBefores.evaluate(RunBefores.java:26)
	at org.junit.internal.runners.statements.RunAfters.evaluate(RunAfters.java:27)
	at org.junit.runners.ParentRunner.runLeaf(ParentRunner.java:325)
	at org.junit.runners.BlockJUnit4ClassRunner.runChild(BlockJUnit4ClassRunner.java:78)
	at org.junit.runners.BlockJUnit4ClassRunner.runChild(BlockJUnit4ClassRunner.java:57)
	at org.junit.runners.ParentRunner$3.run(ParentRunner.java:290)
	at org.junit.runners.ParentRunner$1.schedule(ParentRunner.java:71)
	at org.junit.runners.ParentRunner.runChildren(ParentRunner.java:288)
	at org.junit.runners.ParentRunner.access$000(ParentRunner.java:58)
	at org.junit.runners.ParentRunner$2.evaluate(ParentRunner.java:268)
	at org.junit.runners.ParentRunner.run(ParentRunner.java:363)
	at org.apache.maven.surefire.junit4.JUnit4Provider.execute(JUnit4Provider.java:252)
	at org.apache.maven.surefire.junit4.JUnit4Provider.executeTestSet(JUnit4Provider.java:141)
	at org.apache.maven.surefire.junit4.JUnit4Provider.invoke(JUnit4Provider.java:112)
	at sun.reflect.NativeMethodAccessorImpl.invoke0(Native Method)
	at sun.reflect.NativeMethodAccessorImpl.invoke(NativeMethodAccessorImpl.java:62)
	at sun.reflect.DelegatingMethodAccessorImpl.invoke(DelegatingMethodAccessorImpl.java:43)
	at java.lang.reflect.Method.invoke(Method.java:497)
	at org.apache.maven.surefire.util.ReflectionUtils.invokeMethodWithArray(ReflectionUtils.java:189)
	at org.apache.maven.surefire.booter.ProviderFactory$ProviderProxy.invoke(ProviderFactory.java:165)
	at org.apache.maven.surefire.booter.ProviderFactory.invokeProvider(ProviderFactory.java:85)
	at org.apache.maven.surefire.booter.ForkedBooter.runSuitesInProcess(ForkedBooter.java:115)
	at org.apache.maven.surefire.booter.ForkedBooter.main(ForkedBooter.java:75)
</error>
    <system-out>Hibernate: select this_.id as id1_0_0_, this_.email as email2_0_0_, this_.login as login3_0_0_, this_.password as password4_0_0_, this_.score as score5_0_0_ from users this_ where this_.login=?
account.AccountServiceImpl: addUser: Пользователь НЕ добавлен
</system-out>
    <system-err>апр 15, 2016 10:05:31 PM org.hibernate.engine.jdbc.connections.internal.DriverManagerConnectionProviderImpl configure
WARN: HHH000402: Using Hibernate built-in connection pool (not for production use!)
апр 15, 2016 10:05:31 PM org.hibernate.engine.jdbc.connections.internal.DriverManagerConnectionProviderImpl buildCreator
INFO: HHH000401: using driver [com.mysql.jdbc.Driver] at URL [jdbc:mysql://localhost:3306/db_Poliglot]
апр 15, 2016 10:05:31 PM org.hibernate.engine.jdbc.connections.internal.DriverManagerConnectionProviderImpl buildCreator
INFO: HHH000046: Connection properties: {user=poliglot_game, password=****}
апр 15, 2016 10:05:31 PM org.hibernate.engine.jdbc.connections.internal.DriverManagerConnectionProviderImpl buildCreator
INFO: HHH000006: Autocommit mode: false
апр 15, 2016 10:05:31 PM org.hibernate.engine.jdbc.connections.internal.PooledConnections &lt;init&gt;
INFO: HHH000115: Hibernate connection pool size: 20 (min=1)
апр 15, 2016 10:05:31 PM org.hibernate.dialect.Dialect &lt;init&gt;
INFO: HHH000400: Using dialect: org.hibernate.dialect.MySQLDialect
апр 15, 2016 10:05:31 PM org.hibernate.tool.hbm2ddl.SchemaUpdate execute
INFO: HHH000228: Running hbm2ddl schema update
апр 15, 2016 10:05:31 PM org.glassfish.jersey.test.grizzly.GrizzlyTestContainerFactory$GrizzlyTestContainer &lt;init&gt;
INFO: Creating GrizzlyTestContainer configured at the base URI http://localhost:9998/
апр 15, 2016 10:05:31 PM org.glassfish.grizzly.http.server.NetworkListener start
INFO: Started listener bound to [localhost:9998]
апр 15, 2016 10:05:31 PM org.glassfish.grizzly.http.server.HttpServer start
INFO: [HttpServer-10] Started.
апр 15, 2016 10:05:31 PM org.hibernate.engine.jdbc.connections.internal.DriverManagerConnectionProviderImpl configure
WARN: HHH000402: Using Hibernate built-in connection pool (not for production use!)
апр 15, 2016 10:05:31 PM org.hibernate.engine.jdbc.connections.internal.DriverManagerConnectionProviderImpl buildCreator
INFO: HHH000401: using driver [com.mysql.jdbc.Driver] at URL [jdbc:mysql://localhost:3306/db_Poliglot]
апр 15, 2016 10:05:31 PM org.hibernate.engine.jdbc.connections.internal.DriverManagerConnectionProviderImpl buildCreator
INFO: HHH000046: Connection properties: {user=poliglot_game, password=****}
апр 15, 2016 10:05:31 PM org.hibernate.engine.jdbc.connections.internal.DriverManagerConnectionProviderImpl buildCreator
INFO: HHH000006: Autocommit mode: false
апр 15, 2016 10:05:31 PM org.hibernate.engine.jdbc.connections.internal.PooledConnections &lt;init&gt;
INFO: HHH000115: Hibernate connection pool size: 20 (min=1)
апр 15, 2016 10:05:31 PM org.hibernate.dialect.Dialect &lt;init&gt;
INFO: HHH000400: Using dialect: org.hibernate.dialect.MySQLDialect
апр 15, 2016 10:05:31 PM org.hibernate.tool.hbm2ddl.SchemaUpdate execute
INFO: HHH000228: Running hbm2ddl schema update
апр 15, 2016 10:05:32 PM org.glassfish.grizzly.http.server.NetworkListener shutdownNow
INFO: Stopped listener bound to [localhost:9998]
</system-err>
  </testcase>
  <testcase classname="rest.UsersTest" name="testCreateUser" time="0.141">
    <error message="HTTP 403 Forbidden" type="javax.ws.rs.ForbiddenException">javax.ws.rs.ForbiddenException: HTTP 403 Forbidden
	at org.glassfish.jersey.client.JerseyInvocation.convertToException(JerseyInvocation.java:1005)
	at org.glassfish.jersey.client.JerseyInvocation.translate(JerseyInvocation.java:816)
	at org.glassfish.jersey.client.JerseyInvocation.access$700(JerseyInvocation.java:92)
	at org.glassfish.jersey.client.JerseyInvocation$2.call(JerseyInvocation.java:700)
	at org.glassfish.jersey.internal.Errors.process(Errors.java:315)
	at org.glassfish.jersey.internal.Errors.process(Errors.java:297)
	at org.glassfish.jersey.internal.Errors.process(Errors.java:228)
	at org.glassfish.jersey.process.internal.RequestScope.runInScope(RequestScope.java:444)
	at org.glassfish.jersey.client.JerseyInvocation.invoke(JerseyInvocation.java:696)
	at org.glassfish.jersey.client.JerseyInvocation$Builder.method(JerseyInvocation.java:448)
	at org.glassfish.jersey.client.JerseyInvocation$Builder.put(JerseyInvocation.java:332)
	at rest.UsersTest.testCreateUser(UsersTest.java:87)
	at sun.reflect.NativeMethodAccessorImpl.invoke0(Native Method)
	at sun.reflect.NativeMethodAccessorImpl.invoke(NativeMethodAccessorImpl.java:62)
	at sun.reflect.DelegatingMethodAccessorImpl.invoke(DelegatingMethodAccessorImpl.java:43)
	at java.lang.reflect.Method.invoke(Method.java:497)
	at org.junit.runners.model.FrameworkMethod$1.runReflectiveCall(FrameworkMethod.java:50)
	at org.junit.internal.runners.model.ReflectiveCallable.run(ReflectiveCallable.java:12)
	at org.junit.runners.model.FrameworkMethod.invokeExplosively(FrameworkMethod.java:47)
	at org.junit.internal.runners.statements.InvokeMethod.evaluate(InvokeMethod.java:17)
	at org.junit.internal.runners.statements.RunBefores.evaluate(RunBefores.java:26)
	at org.junit.internal.runners.statements.RunAfters.evaluate(RunAfters.java:27)
	at org.junit.runners.ParentRunner.runLeaf(ParentRunner.java:325)
	at org.junit.runners.BlockJUnit4ClassRunner.runChild(BlockJUnit4ClassRunner.java:78)
	at org.junit.runners.BlockJUnit4ClassRunner.runChild(BlockJUnit4ClassRunner.java:57)
	at org.junit.runners.ParentRunner$3.run(ParentRunner.java:290)
	at org.junit.runners.ParentRunner$1.schedule(ParentRunner.java:71)
	at org.junit.runners.ParentRunner.runChildren(ParentRunner.java:288)
	at org.junit.runners.ParentRunner.access$000(ParentRunner.java:58)
	at org.junit.runners.ParentRunner$2.evaluate(ParentRunner.java:268)
	at org.junit.runners.ParentRunner.run(ParentRunner.java:363)
	at org.apache.maven.surefire.junit4.JUnit4Provider.execute(JUnit4Provider.java:252)
	at org.apache.maven.surefire.junit4.JUnit4Provider.executeTestSet(JUnit4Provider.java:141)
	at org.apache.maven.surefire.junit4.JUnit4Provider.invoke(JUnit4Provider.java:112)
	at sun.reflect.NativeMethodAccessorImpl.invoke0(Native Method)
	at sun.reflect.NativeMethodAccessorImpl.invoke(NativeMethodAccessorImpl.java:62)
	at sun.reflect.DelegatingMethodAccessorImpl.invoke(DelegatingMethodAccessorImpl.java:43)
	at java.lang.reflect.Method.invoke(Method.java:497)
	at org.apache.maven.surefire.util.ReflectionUtils.invokeMethodWithArray(ReflectionUtils.java:189)
	at org.apache.maven.surefire.booter.ProviderFactory$ProviderProxy.invoke(ProviderFactory.java:165)
	at org.apache.maven.surefire.booter.ProviderFactory.invokeProvider(ProviderFactory.java:85)
	at org.apache.maven.surefire.booter.ForkedBooter.runSuitesInProcess(ForkedBooter.java:115)
	at org.apache.maven.surefire.booter.ForkedBooter.main(ForkedBooter.java:75)
</error>
    <system-out>Hibernate: select this_.id as id1_0_0_, this_.email as email2_0_0_, this_.login as login3_0_0_, this_.password as password4_0_0_, this_.score as score5_0_0_ from users this_ where this_.login=?
account.AccountServiceImpl: addUser: Пользователь НЕ добавлен
</system-out>
    <system-err>апр 15, 2016 10:05:32 PM org.hibernate.engine.jdbc.connections.internal.DriverManagerConnectionProviderImpl configure
WARN: HHH000402: Using Hibernate built-in connection pool (not for production use!)
апр 15, 2016 10:05:32 PM org.hibernate.engine.jdbc.connections.internal.DriverManagerConnectionProviderImpl buildCreator
INFO: HHH000401: using driver [com.mysql.jdbc.Driver] at URL [jdbc:mysql://localhost:3306/db_Poliglot]
апр 15, 2016 10:05:32 PM org.hibernate.engine.jdbc.connections.internal.DriverManagerConnectionProviderImpl buildCreator
INFO: HHH000046: Connection properties: {user=poliglot_game, password=****}
апр 15, 2016 10:05:32 PM org.hibernate.engine.jdbc.connections.internal.DriverManagerConnectionProviderImpl buildCreator
INFO: HHH000006: Autocommit mode: false
апр 15, 2016 10:05:32 PM org.hibernate.engine.jdbc.connections.internal.PooledConnections &lt;init&gt;
INFO: HHH000115: Hibernate connection pool size: 20 (min=1)
апр 15, 2016 10:05:32 PM org.hibernate.dialect.Dialect &lt;init&gt;
INFO: HHH000400: Using dialect: org.hibernate.dialect.MySQLDialect
апр 15, 2016 10:05:32 PM org.hibernate.tool.hbm2ddl.SchemaUpdate execute
INFO: HHH000228: Running hbm2ddl schema update
апр 15, 2016 10:05:32 PM org.glassfish.jersey.test.grizzly.GrizzlyTestContainerFactory$GrizzlyTestContainer &lt;init&gt;
INFO: Creating GrizzlyTestContainer configured at the base URI http://localhost:9998/
апр 15, 2016 10:05:32 PM org.glassfish.grizzly.http.server.NetworkListener start
INFO: Started listener bound to [localhost:9998]
апр 15, 2016 10:05:32 PM org.glassfish.grizzly.http.server.HttpServer start
INFO: [HttpServer-11] Started.
апр 15, 2016 10:05:32 PM org.hibernate.engine.jdbc.connections.internal.DriverManagerConnectionProviderImpl configure
WARN: HHH000402: Using Hibernate built-in connection pool (not for production use!)
апр 15, 2016 10:05:32 PM org.hibernate.engine.jdbc.connections.internal.DriverManagerConnectionProviderImpl buildCreator
INFO: HHH000401: using driver [com.mysql.jdbc.Driver] at URL [jdbc:mysql://localhost:3306/db_Poliglot]
апр 15, 2016 10:05:32 PM org.hibernate.engine.jdbc.connections.internal.DriverManagerConnectionProviderImpl buildCreator
INFO: HHH000046: Connection properties: {user=poliglot_game, password=****}
апр 15, 2016 10:05:32 PM org.hibernate.engine.jdbc.connections.internal.DriverManagerConnectionProviderImpl buildCreator
INFO: HHH000006: Autocommit mode: false
апр 15, 2016 10:05:32 PM org.hibernate.engine.jdbc.connections.internal.PooledConnections &lt;init&gt;
INFO: HHH000115: Hibernate connection pool size: 20 (min=1)
апр 15, 2016 10:05:32 PM org.hibernate.dialect.Dialect &lt;init&gt;
INFO: HHH000400: Using dialect: org.hibernate.dialect.MySQLDialect
апр 15, 2016 10:05:32 PM org.hibernate.tool.hbm2ddl.SchemaUpdate execute
INFO: HHH000228: Running hbm2ddl schema update
апр 15, 2016 10:05:32 PM org.glassfish.grizzly.http.server.NetworkListener shutdownNow
INFO: Stopped listener bound to [localhost:9998]
</system-err>
  </testcase>
  <testcase classname="rest.UsersTest" name="testDeleteUser" time="0.202">
    <error message="HTTP 403 Forbidden" type="javax.ws.rs.ForbiddenException">javax.ws.rs.ForbiddenException: HTTP 403 Forbidden
	at org.glassfish.jersey.client.JerseyInvocation.convertToException(JerseyInvocation.java:1005)
	at org.glassfish.jersey.client.JerseyInvocation.translate(JerseyInvocation.java:816)
	at org.glassfish.jersey.client.JerseyInvocation.access$700(JerseyInvocation.java:92)
	at org.glassfish.jersey.client.JerseyInvocation$2.call(JerseyInvocation.java:700)
	at org.glassfish.jersey.internal.Errors.process(Errors.java:315)
	at org.glassfish.jersey.internal.Errors.process(Errors.java:297)
	at org.glassfish.jersey.internal.Errors.process(Errors.java:228)
	at org.glassfish.jersey.process.internal.RequestScope.runInScope(RequestScope.java:444)
	at org.glassfish.jersey.client.JerseyInvocation.invoke(JerseyInvocation.java:696)
	at org.glassfish.jersey.client.JerseyInvocation$Builder.method(JerseyInvocation.java:448)
	at org.glassfish.jersey.client.JerseyInvocation$Builder.put(JerseyInvocation.java:332)
	at rest.UsersTest.testDeleteUser(UsersTest.java:171)
	at sun.reflect.NativeMethodAccessorImpl.invoke0(Native Method)
	at sun.reflect.NativeMethodAccessorImpl.invoke(NativeMethodAccessorImpl.java:62)
	at sun.reflect.DelegatingMethodAccessorImpl.invoke(DelegatingMethodAccessorImpl.java:43)
	at java.lang.reflect.Method.invoke(Method.java:497)
	at org.junit.runners.model.FrameworkMethod$1.runReflectiveCall(FrameworkMethod.java:50)
	at org.junit.internal.runners.model.ReflectiveCallable.run(ReflectiveCallable.java:12)
	at org.junit.runners.model.FrameworkMethod.invokeExplosively(FrameworkMethod.java:47)
	at org.junit.internal.runners.statements.InvokeMethod.evaluate(InvokeMethod.java:17)
	at org.junit.internal.runners.statements.RunBefores.evaluate(RunBefores.java:26)
	at org.junit.internal.runners.statements.RunAfters.evaluate(RunAfters.java:27)
	at org.junit.runners.ParentRunner.runLeaf(ParentRunner.java:325)
	at org.junit.runners.BlockJUnit4ClassRunner.runChild(BlockJUnit4ClassRunner.java:78)
	at org.junit.runners.BlockJUnit4ClassRunner.runChild(BlockJUnit4ClassRunner.java:57)
	at org.junit.runners.ParentRunner$3.run(ParentRunner.java:290)
	at org.junit.runners.ParentRunner$1.schedule(ParentRunner.java:71)
	at org.junit.runners.ParentRunner.runChildren(ParentRunner.java:288)
	at org.junit.runners.ParentRunner.access$000(ParentRunner.java:58)
	at org.junit.runners.ParentRunner$2.evaluate(ParentRunner.java:268)
	at org.junit.runners.ParentRunner.run(ParentRunner.java:363)
	at org.apache.maven.surefire.junit4.JUnit4Provider.execute(JUnit4Provider.java:252)
	at org.apache.maven.surefire.junit4.JUnit4Provider.executeTestSet(JUnit4Provider.java:141)
	at org.apache.maven.surefire.junit4.JUnit4Provider.invoke(JUnit4Provider.java:112)
	at sun.reflect.NativeMethodAccessorImpl.invoke0(Native Method)
	at sun.reflect.NativeMethodAccessorImpl.invoke(NativeMethodAccessorImpl.java:62)
	at sun.reflect.DelegatingMethodAccessorImpl.invoke(DelegatingMethodAccessorImpl.java:43)
	at java.lang.reflect.Method.invoke(Method.java:497)
	at org.apache.maven.surefire.util.ReflectionUtils.invokeMethodWithArray(ReflectionUtils.java:189)
	at org.apache.maven.surefire.booter.ProviderFactory$ProviderProxy.invoke(ProviderFactory.java:165)
	at org.apache.maven.surefire.booter.ProviderFactory.invokeProvider(ProviderFactory.java:85)
	at org.apache.maven.surefire.booter.ForkedBooter.runSuitesInProcess(ForkedBooter.java:115)
	at org.apache.maven.surefire.booter.ForkedBooter.main(ForkedBooter.java:75)
</error>
    <system-out>Hibernate: select this_.id as id1_0_0_, this_.email as email2_0_0_, this_.login as login3_0_0_, this_.password as password4_0_0_, this_.score as score5_0_0_ from users this_ where this_.login=?
account.AccountServiceImpl: addUser: Пользователь НЕ добавлен
</system-out>
    <system-err>апр 15, 2016 10:05:32 PM org.hibernate.engine.jdbc.connections.internal.DriverManagerConnectionProviderImpl configure
WARN: HHH000402: Using Hibernate built-in connection pool (not for production use!)
апр 15, 2016 10:05:32 PM org.hibernate.engine.jdbc.connections.internal.DriverManagerConnectionProviderImpl buildCreator
INFO: HHH000401: using driver [com.mysql.jdbc.Driver] at URL [jdbc:mysql://localhost:3306/db_Poliglot]
апр 15, 2016 10:05:32 PM org.hibernate.engine.jdbc.connections.internal.DriverManagerConnectionProviderImpl buildCreator
INFO: HHH000046: Connection properties: {user=poliglot_game, password=****}
апр 15, 2016 10:05:32 PM org.hibernate.engine.jdbc.connections.internal.DriverManagerConnectionProviderImpl buildCreator
INFO: HHH000006: Autocommit mode: false
апр 15, 2016 10:05:32 PM org.hibernate.engine.jdbc.connections.internal.PooledConnections &lt;init&gt;
INFO: HHH000115: Hibernate connection pool size: 20 (min=1)
апр 15, 2016 10:05:32 PM org.hibernate.dialect.Dialect &lt;init&gt;
INFO: HHH000400: Using dialect: org.hibernate.dialect.MySQLDialect
апр 15, 2016 10:05:32 PM org.hibernate.tool.hbm2ddl.SchemaUpdate execute
INFO: HHH000228: Running hbm2ddl schema update
апр 15, 2016 10:05:32 PM org.glassfish.jersey.test.grizzly.GrizzlyTestContainerFactory$GrizzlyTestContainer &lt;init&gt;
INFO: Creating GrizzlyTestContainer configured at the base URI http://localhost:9998/
апр 15, 2016 10:05:32 PM org.glassfish.grizzly.http.server.NetworkListener start
INFO: Started listener bound to [localhost:9998]
апр 15, 2016 10:05:32 PM org.glassfish.grizzly.http.server.HttpServer start
INFO: [HttpServer-12] Started.
апр 15, 2016 10:05:32 PM org.hibernate.engine.jdbc.connections.internal.DriverManagerConnectionProviderImpl configure
WARN: HHH000402: Using Hibernate built-in connection pool (not for production use!)
апр 15, 2016 10:05:32 PM org.hibernate.engine.jdbc.connections.internal.DriverManagerConnectionProviderImpl buildCreator
INFO: HHH000401: using driver [com.mysql.jdbc.Driver] at URL [jdbc:mysql://localhost:3306/db_Poliglot]
апр 15, 2016 10:05:32 PM org.hibernate.engine.jdbc.connections.internal.DriverManagerConnectionProviderImpl buildCreator
INFO: HHH000046: Connection properties: {user=poliglot_game, password=****}
апр 15, 2016 10:05:32 PM org.hibernate.engine.jdbc.connections.internal.DriverManagerConnectionProviderImpl buildCreator
INFO: HHH000006: Autocommit mode: false
апр 15, 2016 10:05:32 PM org.hibernate.engine.jdbc.connections.internal.PooledConnections &lt;init&gt;
INFO: HHH000115: Hibernate connection pool size: 20 (min=1)
апр 15, 2016 10:05:32 PM org.hibernate.dialect.Dialect &lt;init&gt;
INFO: HHH000400: Using dialect: org.hibernate.dialect.MySQLDialect
апр 15, 2016 10:05:32 PM org.hibernate.tool.hbm2ddl.SchemaUpdate execute
INFO: HHH000228: Running hbm2ddl schema update
апр 15, 2016 10:05:32 PM org.glassfish.grizzly.http.server.NetworkListener shutdownNow
INFO: Stopped listener bound to [localhost:9998]
</system-err>
  </testcase>
  <testcase classname="rest.UsersTest" name="testGetUserByID" time="0.172"/>
  <testcase classname="rest.UsersTest" name="testEditOtherUser" time="0.147">
    <error message="HTTP 403 Forbidden" type="javax.ws.rs.ForbiddenException">javax.ws.rs.ForbiddenException: HTTP 403 Forbidden
	at org.glassfish.jersey.client.JerseyInvocation.convertToException(JerseyInvocation.java:1005)
	at org.glassfish.jersey.client.JerseyInvocation.translate(JerseyInvocation.java:816)
	at org.glassfish.jersey.client.JerseyInvocation.access$700(JerseyInvocation.java:92)
	at org.glassfish.jersey.client.JerseyInvocation$2.call(JerseyInvocation.java:700)
	at org.glassfish.jersey.internal.Errors.process(Errors.java:315)
	at org.glassfish.jersey.internal.Errors.process(Errors.java:297)
	at org.glassfish.jersey.internal.Errors.process(Errors.java:228)
	at org.glassfish.jersey.process.internal.RequestScope.runInScope(RequestScope.java:444)
	at org.glassfish.jersey.client.JerseyInvocation.invoke(JerseyInvocation.java:696)
	at org.glassfish.jersey.client.JerseyInvocation$Builder.method(JerseyInvocation.java:448)
	at org.glassfish.jersey.client.JerseyInvocation$Builder.put(JerseyInvocation.java:332)
	at rest.UsersTest.testEditOtherUser(UsersTest.java:153)
	at sun.reflect.NativeMethodAccessorImpl.invoke0(Native Method)
	at sun.reflect.NativeMethodAccessorImpl.invoke(NativeMethodAccessorImpl.java:62)
	at sun.reflect.DelegatingMethodAccessorImpl.invoke(DelegatingMethodAccessorImpl.java:43)
	at java.lang.reflect.Method.invoke(Method.java:497)
	at org.junit.runners.model.FrameworkMethod$1.runReflectiveCall(FrameworkMethod.java:50)
	at org.junit.internal.runners.model.ReflectiveCallable.run(ReflectiveCallable.java:12)
	at org.junit.runners.model.FrameworkMethod.invokeExplosively(FrameworkMethod.java:47)
	at org.junit.internal.runners.statements.InvokeMethod.evaluate(InvokeMethod.java:17)
	at org.junit.internal.runners.statements.RunBefores.evaluate(RunBefores.java:26)
	at org.junit.internal.runners.statements.RunAfters.evaluate(RunAfters.java:27)
	at org.junit.runners.ParentRunner.runLeaf(ParentRunner.java:325)
	at org.junit.runners.BlockJUnit4ClassRunner.runChild(BlockJUnit4ClassRunner.java:78)
	at org.junit.runners.BlockJUnit4ClassRunner.runChild(BlockJUnit4ClassRunner.java:57)
	at org.junit.runners.ParentRunner$3.run(ParentRunner.java:290)
	at org.junit.runners.ParentRunner$1.schedule(ParentRunner.java:71)
	at org.junit.runners.ParentRunner.runChildren(ParentRunner.java:288)
	at org.junit.runners.ParentRunner.access$000(ParentRunner.java:58)
	at org.junit.runners.ParentRunner$2.evaluate(ParentRunner.java:268)
	at org.junit.runners.ParentRunner.run(ParentRunner.java:363)
	at org.apache.maven.surefire.junit4.JUnit4Provider.execute(JUnit4Provider.java:252)
	at org.apache.maven.surefire.junit4.JUnit4Provider.executeTestSet(JUnit4Provider.java:141)
	at org.apache.maven.surefire.junit4.JUnit4Provider.invoke(JUnit4Provider.java:112)
	at sun.reflect.NativeMethodAccessorImpl.invoke0(Native Method)
	at sun.reflect.NativeMethodAccessorImpl.invoke(NativeMethodAccessorImpl.java:62)
	at sun.reflect.DelegatingMethodAccessorImpl.invoke(DelegatingMethodAccessorImpl.java:43)
	at java.lang.reflect.Method.invoke(Method.java:497)
	at org.apache.maven.surefire.util.ReflectionUtils.invokeMethodWithArray(ReflectionUtils.java:189)
	at org.apache.maven.surefire.booter.ProviderFactory$ProviderProxy.invoke(ProviderFactory.java:165)
	at org.apache.maven.surefire.booter.ProviderFactory.invokeProvider(ProviderFactory.java:85)
	at org.apache.maven.surefire.booter.ForkedBooter.runSuitesInProcess(ForkedBooter.java:115)
	at org.apache.maven.surefire.booter.ForkedBooter.main(ForkedBooter.java:75)
</error>
    <system-out>Hibernate: select this_.id as id1_0_0_, this_.email as email2_0_0_, this_.login as login3_0_0_, this_.password as password4_0_0_, this_.score as score5_0_0_ from users this_ where this_.login=?
account.AccountServiceImpl: addUser: Пользователь НЕ добавлен
</system-out>
    <system-err>апр 15, 2016 10:05:32 PM org.hibernate.engine.jdbc.connections.internal.DriverManagerConnectionProviderImpl configure
WARN: HHH000402: Using Hibernate built-in connection pool (not for production use!)
апр 15, 2016 10:05:32 PM org.hibernate.engine.jdbc.connections.internal.DriverManagerConnectionProviderImpl buildCreator
INFO: HHH000401: using driver [com.mysql.jdbc.Driver] at URL [jdbc:mysql://localhost:3306/db_Poliglot]
апр 15, 2016 10:05:32 PM org.hibernate.engine.jdbc.connections.internal.DriverManagerConnectionProviderImpl buildCreator
INFO: HHH000046: Connection properties: {user=poliglot_game, password=****}
апр 15, 2016 10:05:32 PM org.hibernate.engine.jdbc.connections.internal.DriverManagerConnectionProviderImpl buildCreator
INFO: HHH000006: Autocommit mode: false
апр 15, 2016 10:05:32 PM org.hibernate.engine.jdbc.connections.internal.PooledConnections &lt;init&gt;
INFO: HHH000115: Hibernate connection pool size: 20 (min=1)
апр 15, 2016 10:05:32 PM org.hibernate.dialect.Dialect &lt;init&gt;
INFO: HHH000400: Using dialect: org.hibernate.dialect.MySQLDialect
апр 15, 2016 10:05:32 PM org.hibernate.tool.hbm2ddl.SchemaUpdate execute
INFO: HHH000228: Running hbm2ddl schema update
апр 15, 2016 10:05:32 PM org.glassfish.jersey.test.grizzly.GrizzlyTestContainerFactory$GrizzlyTestContainer &lt;init&gt;
INFO: Creating GrizzlyTestContainer configured at the base URI http://localhost:9998/
апр 15, 2016 10:05:32 PM org.glassfish.grizzly.http.server.NetworkListener start
INFO: Started listener bound to [localhost:9998]
апр 15, 2016 10:05:32 PM org.glassfish.grizzly.http.server.HttpServer start
INFO: [HttpServer-14] Started.
апр 15, 2016 10:05:32 PM org.hibernate.engine.jdbc.connections.internal.DriverManagerConnectionProviderImpl configure
WARN: HHH000402: Using Hibernate built-in connection pool (not for production use!)
апр 15, 2016 10:05:32 PM org.hibernate.engine.jdbc.connections.internal.DriverManagerConnectionProviderImpl buildCreator
INFO: HHH000401: using driver [com.mysql.jdbc.Driver] at URL [jdbc:mysql://localhost:3306/db_Poliglot]
апр 15, 2016 10:05:32 PM org.hibernate.engine.jdbc.connections.internal.DriverManagerConnectionProviderImpl buildCreator
INFO: HHH000046: Connection properties: {user=poliglot_game, password=****}
апр 15, 2016 10:05:32 PM org.hibernate.engine.jdbc.connections.internal.DriverManagerConnectionProviderImpl buildCreator
INFO: HHH000006: Autocommit mode: false
апр 15, 2016 10:05:32 PM org.hibernate.engine.jdbc.connections.internal.PooledConnections &lt;init&gt;
INFO: HHH000115: Hibernate connection pool size: 20 (min=1)
апр 15, 2016 10:05:32 PM org.hibernate.dialect.Dialect &lt;init&gt;
INFO: HHH000400: Using dialect: org.hibernate.dialect.MySQLDialect
апр 15, 2016 10:05:32 PM org.hibernate.tool.hbm2ddl.SchemaUpdate execute
INFO: HHH000228: Running hbm2ddl schema update
апр 15, 2016 10:05:32 PM org.glassfish.grizzly.http.server.NetworkListener shutdownNow
INFO: Stopped listener bound to [localhost:9998]
</system-err>
  </testcase>
  <testcase classname="rest.UsersTest" name="testDeleteWithUnauthorizedUser" time="0.142">
    <error message="HTTP 403 Forbidden" type="javax.ws.rs.ForbiddenException">javax.ws.rs.ForbiddenException: HTTP 403 Forbidden
	at org.glassfish.jersey.client.JerseyInvocation.convertToException(JerseyInvocation.java:1005)
	at org.glassfish.jersey.client.JerseyInvocation.translate(JerseyInvocation.java:816)
	at org.glassfish.jersey.client.JerseyInvocation.access$700(JerseyInvocation.java:92)
	at org.glassfish.jersey.client.JerseyInvocation$2.call(JerseyInvocation.java:700)
	at org.glassfish.jersey.internal.Errors.process(Errors.java:315)
	at org.glassfish.jersey.internal.Errors.process(Errors.java:297)
	at org.glassfish.jersey.internal.Errors.process(Errors.java:228)
	at org.glassfish.jersey.process.internal.RequestScope.runInScope(RequestScope.java:444)
	at org.glassfish.jersey.client.JerseyInvocation.invoke(JerseyInvocation.java:696)
	at org.glassfish.jersey.client.JerseyInvocation$Builder.method(JerseyInvocation.java:448)
	at org.glassfish.jersey.client.JerseyInvocation$Builder.put(JerseyInvocation.java:332)
	at rest.UsersTest.testDeleteWithUnauthorizedUser(UsersTest.java:202)
	at sun.reflect.NativeMethodAccessorImpl.invoke0(Native Method)
	at sun.reflect.NativeMethodAccessorImpl.invoke(NativeMethodAccessorImpl.java:62)
	at sun.reflect.DelegatingMethodAccessorImpl.invoke(DelegatingMethodAccessorImpl.java:43)
	at java.lang.reflect.Method.invoke(Method.java:497)
	at org.junit.runners.model.FrameworkMethod$1.runReflectiveCall(FrameworkMethod.java:50)
	at org.junit.internal.runners.model.ReflectiveCallable.run(ReflectiveCallable.java:12)
	at org.junit.runners.model.FrameworkMethod.invokeExplosively(FrameworkMethod.java:47)
	at org.junit.internal.runners.statements.InvokeMethod.evaluate(InvokeMethod.java:17)
	at org.junit.internal.runners.statements.RunBefores.evaluate(RunBefores.java:26)
	at org.junit.internal.runners.statements.RunAfters.evaluate(RunAfters.java:27)
	at org.junit.runners.ParentRunner.runLeaf(ParentRunner.java:325)
	at org.junit.runners.BlockJUnit4ClassRunner.runChild(BlockJUnit4ClassRunner.java:78)
	at org.junit.runners.BlockJUnit4ClassRunner.runChild(BlockJUnit4ClassRunner.java:57)
	at org.junit.runners.ParentRunner$3.run(ParentRunner.java:290)
	at org.junit.runners.ParentRunner$1.schedule(ParentRunner.java:71)
	at org.junit.runners.ParentRunner.runChildren(ParentRunner.java:288)
	at org.junit.runners.ParentRunner.access$000(ParentRunner.java:58)
	at org.junit.runners.ParentRunner$2.evaluate(ParentRunner.java:268)
	at org.junit.runners.ParentRunner.run(ParentRunner.java:363)
	at org.apache.maven.surefire.junit4.JUnit4Provider.execute(JUnit4Provider.java:252)
	at org.apache.maven.surefire.junit4.JUnit4Provider.executeTestSet(JUnit4Provider.java:141)
	at org.apache.maven.surefire.junit4.JUnit4Provider.invoke(JUnit4Provider.java:112)
	at sun.reflect.NativeMethodAccessorImpl.invoke0(Native Method)
	at sun.reflect.NativeMethodAccessorImpl.invoke(NativeMethodAccessorImpl.java:62)
	at sun.reflect.DelegatingMethodAccessorImpl.invoke(DelegatingMethodAccessorImpl.java:43)
	at java.lang.reflect.Method.invoke(Method.java:497)
	at org.apache.maven.surefire.util.ReflectionUtils.invokeMethodWithArray(ReflectionUtils.java:189)
	at org.apache.maven.surefire.booter.ProviderFactory$ProviderProxy.invoke(ProviderFactory.java:165)
	at org.apache.maven.surefire.booter.ProviderFactory.invokeProvider(ProviderFactory.java:85)
	at org.apache.maven.surefire.booter.ForkedBooter.runSuitesInProcess(ForkedBooter.java:115)
	at org.apache.maven.surefire.booter.ForkedBooter.main(ForkedBooter.java:75)
</error>
    <system-out>Hibernate: select this_.id as id1_0_0_, this_.email as email2_0_0_, this_.login as login3_0_0_, this_.password as password4_0_0_, this_.score as score5_0_0_ from users this_ where this_.login=?
account.AccountServiceImpl: addUser: Пользователь НЕ добавлен
</system-out>
    <system-err>апр 15, 2016 10:05:32 PM org.hibernate.engine.jdbc.connections.internal.DriverManagerConnectionProviderImpl configure
WARN: HHH000402: Using Hibernate built-in connection pool (not for production use!)
апр 15, 2016 10:05:32 PM org.hibernate.engine.jdbc.connections.internal.DriverManagerConnectionProviderImpl buildCreator
INFO: HHH000401: using driver [com.mysql.jdbc.Driver] at URL [jdbc:mysql://localhost:3306/db_Poliglot]
апр 15, 2016 10:05:32 PM org.hibernate.engine.jdbc.connections.internal.DriverManagerConnectionProviderImpl buildCreator
INFO: HHH000046: Connection properties: {user=poliglot_game, password=****}
апр 15, 2016 10:05:32 PM org.hibernate.engine.jdbc.connections.internal.DriverManagerConnectionProviderImpl buildCreator
INFO: HHH000006: Autocommit mode: false
апр 15, 2016 10:05:32 PM org.hibernate.engine.jdbc.connections.internal.PooledConnections &lt;init&gt;
INFO: HHH000115: Hibernate connection pool size: 20 (min=1)
апр 15, 2016 10:05:32 PM org.hibernate.dialect.Dialect &lt;init&gt;
INFO: HHH000400: Using dialect: org.hibernate.dialect.MySQLDialect
апр 15, 2016 10:05:32 PM org.hibernate.tool.hbm2ddl.SchemaUpdate execute
INFO: HHH000228: Running hbm2ddl schema update
апр 15, 2016 10:05:32 PM org.glassfish.jersey.test.grizzly.GrizzlyTestContainerFactory$GrizzlyTestContainer &lt;init&gt;
INFO: Creating GrizzlyTestContainer configured at the base URI http://localhost:9998/
апр 15, 2016 10:05:32 PM org.glassfish.grizzly.http.server.NetworkListener start
INFO: Started listener bound to [localhost:9998]
апр 15, 2016 10:05:32 PM org.glassfish.grizzly.http.server.HttpServer start
INFO: [HttpServer-15] Started.
апр 15, 2016 10:05:32 PM org.hibernate.engine.jdbc.connections.internal.DriverManagerConnectionProviderImpl configure
WARN: HHH000402: Using Hibernate built-in connection pool (not for production use!)
апр 15, 2016 10:05:32 PM org.hibernate.engine.jdbc.connections.internal.DriverManagerConnectionProviderImpl buildCreator
INFO: HHH000401: using driver [com.mysql.jdbc.Driver] at URL [jdbc:mysql://localhost:3306/db_Poliglot]
апр 15, 2016 10:05:32 PM org.hibernate.engine.jdbc.connections.internal.DriverManagerConnectionProviderImpl buildCreator
INFO: HHH000046: Connection properties: {user=poliglot_game, password=****}
апр 15, 2016 10:05:32 PM org.hibernate.engine.jdbc.connections.internal.DriverManagerConnectionProviderImpl buildCreator
INFO: HHH000006: Autocommit mode: false
апр 15, 2016 10:05:32 PM org.hibernate.engine.jdbc.connections.internal.PooledConnections &lt;init&gt;
INFO: HHH000115: Hibernate connection pool size: 20 (min=1)
апр 15, 2016 10:05:32 PM org.hibernate.dialect.Dialect &lt;init&gt;
INFO: HHH000400: Using dialect: org.hibernate.dialect.MySQLDialect
апр 15, 2016 10:05:32 PM org.hibernate.tool.hbm2ddl.SchemaUpdate execute
INFO: HHH000228: Running hbm2ddl schema update
апр 15, 2016 10:05:33 PM org.glassfish.grizzly.http.server.NetworkListener shutdownNow
INFO: Stopped listener bound to [localhost:9998]
</system-err>
  </testcase>
  <testcase classname="rest.UsersTest" name="testGetUserByIdFail" time="0.125">
    <failure message="expected:&lt;200&gt; but was:&lt;401&gt;" type="java.lang.AssertionError">java.lang.AssertionError: expected:&lt;200&gt; but was:&lt;401&gt;
	at org.junit.Assert.fail(Assert.java:88)
	at org.junit.Assert.failNotEquals(Assert.java:834)
	at org.junit.Assert.assertEquals(Assert.java:645)
	at org.junit.Assert.assertEquals(Assert.java:631)
	at rest.UsersTest.testGetUserByIdFail(UsersTest.java:81)
	at sun.reflect.NativeMethodAccessorImpl.invoke0(Native Method)
	at sun.reflect.NativeMethodAccessorImpl.invoke(NativeMethodAccessorImpl.java:62)
	at sun.reflect.DelegatingMethodAccessorImpl.invoke(DelegatingMethodAccessorImpl.java:43)
	at java.lang.reflect.Method.invoke(Method.java:497)
	at org.junit.runners.model.FrameworkMethod$1.runReflectiveCall(FrameworkMethod.java:50)
	at org.junit.internal.runners.model.ReflectiveCallable.run(ReflectiveCallable.java:12)
	at org.junit.runners.model.FrameworkMethod.invokeExplosively(FrameworkMethod.java:47)
	at org.junit.internal.runners.statements.InvokeMethod.evaluate(InvokeMethod.java:17)
	at org.junit.internal.runners.statements.RunBefores.evaluate(RunBefores.java:26)
	at org.junit.internal.runners.statements.RunAfters.evaluate(RunAfters.java:27)
	at org.junit.runners.ParentRunner.runLeaf(ParentRunner.java:325)
	at org.junit.runners.BlockJUnit4ClassRunner.runChild(BlockJUnit4ClassRunner.java:78)
	at org.junit.runners.BlockJUnit4ClassRunner.runChild(BlockJUnit4ClassRunner.java:57)
	at org.junit.runners.ParentRunner$3.run(ParentRunner.java:290)
	at org.junit.runners.ParentRunner$1.schedule(ParentRunner.java:71)
	at org.junit.runners.ParentRunner.runChildren(ParentRunner.java:288)
	at org.junit.runners.ParentRunner.access$000(ParentRunner.java:58)
	at org.junit.runners.ParentRunner$2.evaluate(ParentRunner.java:268)
	at org.junit.runners.ParentRunner.run(ParentRunner.java:363)
	at org.apache.maven.surefire.junit4.JUnit4Provider.execute(JUnit4Provider.java:252)
	at org.apache.maven.surefire.junit4.JUnit4Provider.executeTestSet(JUnit4Provider.java:141)
	at org.apache.maven.surefire.junit4.JUnit4Provider.invoke(JUnit4Provider.java:112)
	at sun.reflect.NativeMethodAccessorImpl.invoke0(Native Method)
	at sun.reflect.NativeMethodAccessorImpl.invoke(NativeMethodAccessorImpl.java:62)
	at sun.reflect.DelegatingMethodAccessorImpl.invoke(DelegatingMethodAccessorImpl.java:43)
	at java.lang.reflect.Method.invoke(Method.java:497)
	at org.apache.maven.surefire.util.ReflectionUtils.invokeMethodWithArray(ReflectionUtils.java:189)
	at org.apache.maven.surefire.booter.ProviderFactory$ProviderProxy.invoke(ProviderFactory.java:165)
	at org.apache.maven.surefire.booter.ProviderFactory.invokeProvider(ProviderFactory.java:85)
	at org.apache.maven.surefire.booter.ForkedBooter.runSuitesInProcess(ForkedBooter.java:115)
	at org.apache.maven.surefire.booter.ForkedBooter.main(ForkedBooter.java:75)
</failure>
    <system-out>Hibernate: select this_.id as id1_0_0_, this_.email as email2_0_0_, this_.login as login3_0_0_, this_.password as password4_0_0_, this_.score as score5_0_0_ from users this_ where this_.login=?
account.AccountServiceImpl: addUser: Пользователь НЕ добавлен
Hibernate: select this_.id as id1_0_0_, this_.email as email2_0_0_, this_.login as login3_0_0_, this_.password as password4_0_0_, this_.score as score5_0_0_ from users this_ where this_.id=?
</system-out>
    <system-err>апр 15, 2016 10:05:33 PM org.hibernate.engine.jdbc.connections.internal.DriverManagerConnectionProviderImpl configure
WARN: HHH000402: Using Hibernate built-in connection pool (not for production use!)
апр 15, 2016 10:05:33 PM org.hibernate.engine.jdbc.connections.internal.DriverManagerConnectionProviderImpl buildCreator
INFO: HHH000401: using driver [com.mysql.jdbc.Driver] at URL [jdbc:mysql://localhost:3306/db_Poliglot]
апр 15, 2016 10:05:33 PM org.hibernate.engine.jdbc.connections.internal.DriverManagerConnectionProviderImpl buildCreator
INFO: HHH000046: Connection properties: {user=poliglot_game, password=****}
апр 15, 2016 10:05:33 PM org.hibernate.engine.jdbc.connections.internal.DriverManagerConnectionProviderImpl buildCreator
INFO: HHH000006: Autocommit mode: false
апр 15, 2016 10:05:33 PM org.hibernate.engine.jdbc.connections.internal.PooledConnections &lt;init&gt;
INFO: HHH000115: Hibernate connection pool size: 20 (min=1)
апр 15, 2016 10:05:33 PM org.hibernate.dialect.Dialect &lt;init&gt;
INFO: HHH000400: Using dialect: org.hibernate.dialect.MySQLDialect
апр 15, 2016 10:05:33 PM org.hibernate.tool.hbm2ddl.SchemaUpdate execute
INFO: HHH000228: Running hbm2ddl schema update
апр 15, 2016 10:05:33 PM org.glassfish.jersey.test.grizzly.GrizzlyTestContainerFactory$GrizzlyTestContainer &lt;init&gt;
INFO: Creating GrizzlyTestContainer configured at the base URI http://localhost:9998/
апр 15, 2016 10:05:33 PM org.glassfish.grizzly.http.server.NetworkListener start
INFO: Started listener bound to [localhost:9998]
апр 15, 2016 10:05:33 PM org.glassfish.grizzly.http.server.HttpServer start
INFO: [HttpServer-16] Started.
апр 15, 2016 10:05:33 PM org.hibernate.engine.jdbc.connections.internal.DriverManagerConnectionProviderImpl configure
WARN: HHH000402: Using Hibernate built-in connection pool (not for production use!)
апр 15, 2016 10:05:33 PM org.hibernate.engine.jdbc.connections.internal.DriverManagerConnectionProviderImpl buildCreator
INFO: HHH000401: using driver [com.mysql.jdbc.Driver] at URL [jdbc:mysql://localhost:3306/db_Poliglot]
апр 15, 2016 10:05:33 PM org.hibernate.engine.jdbc.connections.internal.DriverManagerConnectionProviderImpl buildCreator
INFO: HHH000046: Connection properties: {user=poliglot_game, password=****}
апр 15, 2016 10:05:33 PM org.hibernate.engine.jdbc.connections.internal.DriverManagerConnectionProviderImpl buildCreator
INFO: HHH000006: Autocommit mode: false
апр 15, 2016 10:05:33 PM org.hibernate.engine.jdbc.connections.internal.PooledConnections &lt;init&gt;
INFO: HHH000115: Hibernate connection pool size: 20 (min=1)
апр 15, 2016 10:05:33 PM org.hibernate.dialect.Dialect &lt;init&gt;
INFO: HHH000400: Using dialect: org.hibernate.dialect.MySQLDialect
апр 15, 2016 10:05:33 PM org.hibernate.tool.hbm2ddl.SchemaUpdate execute
INFO: HHH000228: Running hbm2ddl schema update
апр 15, 2016 10:05:33 PM org.glassfish.grizzly.http.server.NetworkListener shutdownNow
INFO: Stopped listener bound to [localhost:9998]
</system-err>
  </testcase>
  <testcase classname="rest.UsersTest" name="testGetUserByIncorrectId" time="0.116"/>
  <testcase classname="rest.UsersTest" name="testCreateNullUser" time="0.117"/>
</testsuite>